<?xml version="1.0" encoding="UTF-8"?>
<testng-results ignored="0" total="2" passed="2" failed="0" skipped="0">
  <reporter-output>
  </reporter-output>
  <suite started-at="2025-03-19T20:05:05 IST" name="Surefire suite" finished-at="2025-03-19T20:05:13 IST" duration-ms="7433">
    <groups>
    </groups>
    <test started-at="2025-03-19T20:05:05 IST" name="Surefire test" finished-at="2025-03-19T20:05:13 IST" duration-ms="7433">
      <class name="com.tests.LoginTest">
        <test-method is-config="true" signature="setup()[pri:0, instance:com.tests.LoginTest@79efed2d]" started-at="2025-03-19T20:05:05 IST" name="setup" finished-at="2025-03-19T20:05:09 IST" duration-ms="3735" status="PASS">
          <reporter-output>
          </reporter-output>
        </test-method> <!-- setup -->
        <test-method signature="logintest()[pri:0, instance:com.tests.LoginTest@79efed2d]" started-at="2025-03-19T20:05:09 IST" name="logintest" finished-at="2025-03-19T20:05:09 IST" duration-ms="7" status="PASS">
          <reporter-output>
          </reporter-output>
        </test-method> <!-- logintest -->
        <test-method is-config="true" signature="tearDown()[pri:0, instance:com.tests.LoginTest@79efed2d]" started-at="2025-03-19T20:05:09 IST" name="tearDown" finished-at="2025-03-19T20:05:09 IST" duration-ms="258" status="PASS">
          <reporter-output>
          </reporter-output>
        </test-method> <!-- tearDown -->
        <test-method is-config="true" signature="setup()[pri:0, instance:com.tests.LoginTest@79efed2d]" started-at="2025-03-19T20:05:09 IST" name="setup" finished-at="2025-03-19T20:05:12 IST" duration-ms="2632" status="PASS">
          <reporter-output>
          </reporter-output>
        </test-method> <!-- setup -->
        <test-method signature="validLoginTest()[pri:0, instance:com.tests.LoginTest@79efed2d]" started-at="2025-03-19T20:05:12 IST" name="validLoginTest" finished-at="2025-03-19T20:05:12 IST" duration-ms="505" status="PASS">
          <reporter-output>
          </reporter-output>
        </test-method> <!-- validLoginTest -->
        <test-method is-config="true" signature="tearDown()[pri:0, instance:com.tests.LoginTest@79efed2d]" started-at="2025-03-19T20:05:12 IST" name="tearDown" finished-at="2025-03-19T20:05:13 IST" duration-ms="232" status="PASS">
          <reporter-output>
          </reporter-output>
        </test-method> <!-- tearDown -->
      </class> <!-- com.tests.LoginTest -->
    </test> <!-- Surefire test -->
  </suite> <!-- Surefire suite -->
</testng-results>
