<?xml version="1.0" encoding="UTF-8"?>
<testng-results ignored="0" total="2" passed="2" failed="0" skipped="0">
  <reporter-output>
  </reporter-output>
  <suite started-at="2025-03-19T19:18:33 IST" name="ParallelTestSuite" finished-at="2025-03-19T19:18:44 IST" duration-ms="11248">
    <groups>
    </groups>
    <test started-at="2025-03-19T19:18:33 IST" name="Login Test" finished-at="2025-03-19T19:18:40 IST" duration-ms="7120">
      <class name="com.tests.LoginTest">
        <test-method is-config="true" signature="setup()[pri:0, instance:com.tests.LoginTest@7a69b07]" started-at="2025-03-19T19:18:33 IST" name="setup" finished-at="2025-03-19T19:18:39 IST" duration-ms="6298" status="PASS">
          <reporter-output>
          </reporter-output>
        </test-method> <!-- setup -->
        <test-method signature="validLoginTest()[pri:0, instance:com.tests.LoginTest@7a69b07]" started-at="2025-03-19T19:18:39 IST" name="validLoginTest" finished-at="2025-03-19T19:18:39 IST" duration-ms="533" status="PASS">
          <reporter-output>
          </reporter-output>
        </test-method> <!-- validLoginTest -->
        <test-method is-config="true" signature="tearDown()[pri:0, instance:com.tests.LoginTest@7a69b07]" started-at="2025-03-19T19:18:39 IST" name="tearDown" finished-at="2025-03-19T19:18:40 IST" duration-ms="258" status="PASS">
          <reporter-output>
          </reporter-output>
        </test-method> <!-- tearDown -->
      </class> <!-- com.tests.LoginTest -->
    </test> <!-- Login Test -->
    <test started-at="2025-03-19T19:18:40 IST" name="Product Test" finished-at="2025-03-19T19:18:44 IST" duration-ms="4064">
      <class name="com.tests.ProductTest">
        <test-method is-config="true" signature="setup()[pri:0, instance:com.tests.ProductTest@4f6ee6e4]" started-at="2025-03-19T19:18:40 IST" name="setup" finished-at="2025-03-19T19:18:43 IST" duration-ms="3106" status="PASS">
          <reporter-output>
          </reporter-output>
        </test-method> <!-- setup -->
        <test-method signature="addProductToCartTest()[pri:0, instance:com.tests.ProductTest@4f6ee6e4]" started-at="2025-03-19T19:18:43 IST" name="addProductToCartTest" finished-at="2025-03-19T19:18:44 IST" duration-ms="736" status="PASS">
          <reporter-output>
          </reporter-output>
        </test-method> <!-- addProductToCartTest -->
        <test-method is-config="true" signature="tearDown()[pri:0, instance:com.tests.ProductTest@4f6ee6e4]" started-at="2025-03-19T19:18:44 IST" name="tearDown" finished-at="2025-03-19T19:18:44 IST" duration-ms="222" status="PASS">
          <reporter-output>
          </reporter-output>
        </test-method> <!-- tearDown -->
      </class> <!-- com.tests.ProductTest -->
    </test> <!-- Product Test -->
  </suite> <!-- ParallelTestSuite -->
</testng-results>
