<?xml version="1.0" encoding="UTF-8"?>
<testng-results ignored="0" total="2" passed="2" failed="0" skipped="0">
  <reporter-output>
  </reporter-output>
  <suite started-at="2025-03-19T19:36:57 IST" name="ParallelTestSuite" finished-at="2025-03-19T19:37:02 IST" duration-ms="5685">
    <groups>
    </groups>
    <test started-at="2025-03-19T19:36:57 IST" name="Login Test" finished-at="2025-03-19T19:37:00 IST" duration-ms="3471">
      <class name="com.tests.LoginTest">
        <test-method is-config="true" signature="setup()[pri:0, instance:com.tests.LoginTest@2d52216b]" started-at="2025-03-19T19:36:57 IST" name="setup" finished-at="2025-03-19T19:36:59 IST" duration-ms="2468" status="PASS">
          <reporter-output>
          </reporter-output>
        </test-method> <!-- setup -->
        <test-method signature="validLoginTest()[pri:0, instance:com.tests.LoginTest@2d52216b]" started-at="2025-03-19T19:36:59 IST" name="validLoginTest" finished-at="2025-03-19T19:37:00 IST" duration-ms="662" status="PASS">
          <reporter-output>
          </reporter-output>
        </test-method> <!-- validLoginTest -->
        <test-method is-config="true" signature="tearDown()[pri:0, instance:com.tests.LoginTest@2d52216b]" started-at="2025-03-19T19:37:00 IST" name="tearDown" finished-at="2025-03-19T19:37:00 IST" duration-ms="278" status="PASS">
          <reporter-output>
          </reporter-output>
        </test-method> <!-- tearDown -->
      </class> <!-- com.tests.LoginTest -->
    </test> <!-- Login Test -->
    <test started-at="2025-03-19T19:37:00 IST" name="Product Test" finished-at="2025-03-19T19:37:02 IST" duration-ms="2152">
      <class name="com.tests.ProductTest">
        <test-method is-config="true" signature="setup()[pri:0, instance:com.tests.ProductTest@53045c6c]" started-at="2025-03-19T19:37:00 IST" name="setup" finished-at="2025-03-19T19:37:01 IST" duration-ms="897" status="PASS">
          <reporter-output>
          </reporter-output>
        </test-method> <!-- setup -->
        <test-method signature="addProductToCartTest()[pri:0, instance:com.tests.ProductTest@53045c6c]" started-at="2025-03-19T19:37:01 IST" name="addProductToCartTest" finished-at="2025-03-19T19:37:02 IST" duration-ms="1050" status="PASS">
          <reporter-output>
          </reporter-output>
        </test-method> <!-- addProductToCartTest -->
        <test-method is-config="true" signature="tearDown()[pri:0, instance:com.tests.ProductTest@53045c6c]" started-at="2025-03-19T19:37:02 IST" name="tearDown" finished-at="2025-03-19T19:37:02 IST" duration-ms="201" status="PASS">
          <reporter-output>
          </reporter-output>
        </test-method> <!-- tearDown -->
      </class> <!-- com.tests.ProductTest -->
    </test> <!-- Product Test -->
  </suite> <!-- ParallelTestSuite -->
</testng-results>
