<?xml version="1.0" encoding="UTF-8"?>
<testng-results ignored="0" total="1" passed="1" failed="0" skipped="0">
  <reporter-output>
  </reporter-output>
  <suite started-at="2025-03-18T19:44:33 IST" name="Default suite" finished-at="2025-03-18T19:44:39 IST" duration-ms="5669">
    <groups>
    </groups>
    <test started-at="2025-03-18T19:44:33 IST" name="Default test" finished-at="2025-03-18T19:44:39 IST" duration-ms="5669">
      <class name="com.tests.LoginTest">
        <test-method is-config="true" signature="setup()[pri:0, instance:com.tests.LoginTest@2d52216b]" started-at="2025-03-18T19:44:33 IST" name="setup" finished-at="2025-03-18T19:44:38 IST" duration-ms="4647" status="PASS">
          <reporter-output>
          </reporter-output>
        </test-method> <!-- setup -->
        <test-method signature="validLoginTest()[pri:0, instance:com.tests.LoginTest@2d52216b]" started-at="2025-03-18T19:44:38 IST" name="validLoginTest" finished-at="2025-03-18T19:44:39 IST" duration-ms="657" status="PASS">
          <reporter-output>
          </reporter-output>
        </test-method> <!-- validLoginTest -->
        <test-method is-config="true" signature="tearDown()[pri:0, instance:com.tests.LoginTest@2d52216b]" started-at="2025-03-18T19:44:39 IST" name="tearDown" finished-at="2025-03-18T19:44:39 IST" duration-ms="315" status="PASS">
          <reporter-output>
          </reporter-output>
        </test-method> <!-- tearDown -->
      </class> <!-- com.tests.LoginTest -->
    </test> <!-- Default test -->
  </suite> <!-- Default suite -->
</testng-results>
